<?xml version="1.0" encoding="UTF-8"?>
<!-- Generated by org.testng.reporters.JUnitReportReporter -->
<testsuite hostname="DESKTOP-QH9CKDR" name="testngbasic.FileUpload" tests="1" failures="0" timestamp="18 Feb 2022 12:25:55 GMT" time="28.290" errors="0">
  <testcase name="fileUpload" time="28.290" classname="testngbasic.FileUpload"/>
</testsuite> <!-- testngbasic.FileUpload -->
