<?xml version="1.0" encoding="UTF-8"?>
<!-- Generated by org.testng.reporters.JUnitReportReporter -->
<testsuite hostname="DESKTOP-QH9CKDR" name="testngbasic.BasicsTestNG" tests="1" failures="0" timestamp="16 Feb 2022 19:15:50 GMT" time="128.292" errors="0">
  <testcase name="logintoGeophy" time="128.292" classname="testngbasic.BasicsTestNG"/>
</testsuite> <!-- testngbasic.BasicsTestNG -->
