<?xml version="1.0" encoding="UTF-8"?>
<!-- Generated by org.testng.reporters.JUnitReportReporter -->
<testsuite hostname="DESKTOP-QH9CKDR" name="testngbasic.SignINTestNG" tests="1" failures="0" timestamp="18 Feb 2022 12:31:12 GMT" time="56.408" errors="0">
  <testcase name="logintoGeophy" time="56.408" classname="testngbasic.SignINTestNG"/>
</testsuite> <!-- testngbasic.SignINTestNG -->
